<?xml version="1.0" encoding="UTF-8"?>
<testng-results ignored="0" total="1" passed="1" failed="0" skipped="0">
  <reporter-output>
  </reporter-output>
  <suite started-at="2024-12-19T15:39:27 IST" name="Default suite" finished-at="2024-12-19T15:39:30 IST" duration-ms="2262">
    <groups>
    </groups>
    <test started-at="2024-12-19T15:39:27 IST" name="Default test" finished-at="2024-12-19T15:39:30 IST" duration-ms="2262">
      <class name="com.sample.crud.withbddtest.SampleTestForReadTest">
        <test-method signature="getDataFromServer()[pri:0, instance:com.sample.crud.withbddtest.SampleTestForReadTest@1da2cb77]" started-at="2024-12-19T15:39:27 IST" name="getDataFromServer" finished-at="2024-12-19T15:39:29 IST" duration-ms="2231" status="PASS">
          <reporter-output>
          </reporter-output>
        </test-method> <!-- getDataFromServer -->
      </class> <!-- com.sample.crud.withbddtest.SampleTestForReadTest -->
    </test> <!-- Default test -->
  </suite> <!-- Default suite -->
</testng-results>
